<?xml version="1.0" encoding="UTF-8"?>
<!-- Generated by org.testng.reporters.JUnitReportReporter -->
<testsuite hostname="FSYSTEM" failures="0" tests="1" name="com.testNG.SampleTextCase" time="2.123" errors="0" timestamp="2024-12-30T22:44:42 WET" skipped="0">
  <testcase classname="com.testNG.SampleTextCase" name="testGoogleLaunch" time="2.123"/>
  <system-out/>
</testsuite> <!-- com.testNG.SampleTextCase -->
